<?xml version="1.0" encoding="UTF-8"?>
<testng-results ignored="0" total="1" passed="1" failed="0" skipped="0">
  <reporter-output>
  </reporter-output>
  <suite started-at="2023-06-01T23:53:29 IST" name="Default suite" finished-at="2023-06-01T23:53:29 IST" duration-ms="76">
    <groups>
    </groups>
    <test started-at="2023-06-01T23:53:29 IST" name="Default test" finished-at="2023-06-01T23:53:29 IST" duration-ms="76">
      <class name="X">
        <test-method signature="test()[pri:0, instance:X@5ace1ed4]" started-at="2023-06-01T23:53:29 IST" name="test" finished-at="2023-06-01T23:53:29 IST" duration-ms="11" status="PASS">
          <reporter-output>
          </reporter-output>
        </test-method> <!-- test -->
      </class> <!-- X -->
    </test> <!-- Default test -->
  </suite> <!-- Default suite -->
</testng-results>
